2024/05/15 18:06:35 [emerg] 1#1: unknown "query_strings" variable
2024/05/15 18:06:39 [emerg] 1#1: unknown "query_strings" variable
2024/05/15 18:06:40 [emerg] 1#1: unknown "query_strings" variable
2024/05/15 18:06:41 [emerg] 1#1: unknown "query_strings" variable
2024/05/15 18:06:42 [emerg] 1#1: unknown "query_strings" variable
2024/05/15 18:06:44 [emerg] 1#1: unknown "query_strings" variable
2024/05/15 18:06:48 [emerg] 1#1: unknown "query_strings" variable
2024/05/15 18:06:55 [emerg] 1#1: unknown "query_strings" variable
2024/05/15 18:07:08 [emerg] 1#1: unknown "query_strings" variable
2024/05/15 18:07:34 [emerg] 1#1: unknown "query_strings" variable
2024/05/15 18:08:23 [notice] 1#1: using the "epoll" event method
2024/05/15 18:08:23 [notice] 1#1: nginx/1.25.5
2024/05/15 18:08:23 [notice] 1#1: built by gcc 13.2.1 20231014 (Alpine 13.2.1_git20231014) 
2024/05/15 18:08:23 [notice] 1#1: OS: Linux 5.15.146.1-microsoft-standard-WSL2
2024/05/15 18:08:23 [notice] 1#1: getrlimit(RLIMIT_NOFILE): 1048576:1048576
2024/05/15 18:08:23 [notice] 1#1: start worker processes
2024/05/15 18:08:23 [notice] 1#1: start worker process 20
2024/05/15 18:08:23 [notice] 1#1: start worker process 21
2024/05/15 18:08:23 [notice] 1#1: start worker process 22
2024/05/15 18:08:23 [notice] 1#1: start worker process 23
2024/05/15 18:08:23 [notice] 1#1: start worker process 24
2024/05/15 18:08:23 [notice] 1#1: start worker process 25
2024/05/15 18:08:23 [notice] 1#1: start worker process 26
2024/05/15 18:08:23 [notice] 1#1: start worker process 27
2024/05/15 18:08:23 [notice] 1#1: start worker process 28
2024/05/15 18:08:23 [notice] 1#1: start worker process 29
2024/05/15 18:08:23 [notice] 1#1: start worker process 30
2024/05/15 18:08:23 [notice] 1#1: start worker process 31
2024/05/15 18:08:23 [notice] 1#1: start worker process 32
2024/05/15 18:08:23 [notice] 1#1: start worker process 33
2024/05/15 18:08:23 [notice] 1#1: start worker process 34
2024/05/15 18:08:23 [notice] 1#1: start worker process 35
2024/05/15 18:31:03 [notice] 1#1: signal 3 (SIGQUIT) received, shutting down
2024/05/15 18:31:03 [notice] 21#21: gracefully shutting down
2024/05/15 18:31:03 [notice] 20#20: gracefully shutting down
2024/05/15 18:31:03 [notice] 23#23: gracefully shutting down
2024/05/15 18:31:03 [notice] 21#21: exiting
2024/05/15 18:31:03 [notice] 22#22: gracefully shutting down
2024/05/15 18:31:03 [notice] 20#20: exiting
2024/05/15 18:31:03 [notice] 23#23: exiting
2024/05/15 18:31:03 [notice] 23#23: exit
2024/05/15 18:31:03 [notice] 21#21: exit
2024/05/15 18:31:03 [notice] 20#20: exit
2024/05/15 18:31:03 [notice] 22#22: exiting
2024/05/15 18:31:03 [notice] 22#22: exit
2024/05/15 18:31:03 [notice] 25#25: gracefully shutting down
2024/05/15 18:31:03 [notice] 24#24: gracefully shutting down
2024/05/15 18:31:03 [notice] 25#25: exiting
2024/05/15 18:31:03 [notice] 26#26: gracefully shutting down
2024/05/15 18:31:03 [notice] 28#28: gracefully shutting down
2024/05/15 18:31:03 [notice] 26#26: exiting
2024/05/15 18:31:03 [notice] 28#28: exiting
2024/05/15 18:31:03 [notice] 27#27: gracefully shutting down
2024/05/15 18:31:03 [notice] 30#30: gracefully shutting down
2024/05/15 18:31:03 [notice] 33#33: gracefully shutting down
2024/05/15 18:31:03 [notice] 34#34: gracefully shutting down
2024/05/15 18:31:03 [notice] 27#27: exiting
2024/05/15 18:31:03 [notice] 25#25: exit
2024/05/15 18:31:03 [notice] 30#30: exiting
2024/05/15 18:31:03 [notice] 33#33: exiting
2024/05/15 18:31:03 [notice] 34#34: exiting
2024/05/15 18:31:03 [notice] 26#26: exit
2024/05/15 18:31:03 [notice] 31#31: gracefully shutting down
2024/05/15 18:31:03 [notice] 28#28: exit
2024/05/15 18:31:03 [notice] 31#31: exiting
2024/05/15 18:31:03 [notice] 27#27: exit
2024/05/15 18:31:03 [notice] 30#30: exit
2024/05/15 18:31:03 [notice] 33#33: exit
2024/05/15 18:31:03 [notice] 34#34: exit
2024/05/15 18:31:03 [notice] 31#31: exit
2024/05/15 18:31:03 [notice] 29#29: gracefully shutting down
2024/05/15 18:31:03 [notice] 29#29: exiting
2024/05/15 18:31:03 [notice] 29#29: exit
2024/05/15 18:31:03 [notice] 35#35: gracefully shutting down
2024/05/15 18:31:03 [notice] 35#35: exiting
2024/05/15 18:31:03 [notice] 35#35: exit
2024/05/15 18:31:03 [notice] 32#32: gracefully shutting down
2024/05/15 18:31:03 [notice] 32#32: exiting
2024/05/15 18:31:03 [notice] 32#32: exit
2024/05/15 18:31:03 [notice] 1#1: signal 17 (SIGCHLD) received from 23
2024/05/15 18:31:03 [notice] 1#1: worker process 22 exited with code 0
2024/05/15 18:31:03 [notice] 1#1: worker process 23 exited with code 0
2024/05/15 18:31:03 [notice] 1#1: worker process 20 exited with code 0
2024/05/15 18:31:03 [notice] 1#1: worker process 25 exited with code 0
2024/05/15 18:31:03 [notice] 1#1: worker process 26 exited with code 0
2024/05/15 18:31:03 [notice] 1#1: worker process 27 exited with code 0
2024/05/15 18:31:03 [notice] 1#1: worker process 28 exited with code 0
2024/05/15 18:31:03 [notice] 1#1: worker process 29 exited with code 0
2024/05/15 18:31:03 [notice] 1#1: worker process 30 exited with code 0
2024/05/15 18:31:03 [notice] 1#1: worker process 32 exited with code 0
2024/05/15 18:31:03 [notice] 1#1: worker process 33 exited with code 0
2024/05/15 18:31:03 [notice] 1#1: worker process 34 exited with code 0
2024/05/15 18:31:03 [notice] 1#1: worker process 35 exited with code 0
2024/05/15 18:31:03 [notice] 1#1: signal 29 (SIGIO) received
2024/05/15 18:31:03 [notice] 1#1: signal 17 (SIGCHLD) received from 22
2024/05/15 18:31:03 [notice] 1#1: signal 17 (SIGCHLD) received from 21
2024/05/15 18:31:03 [notice] 1#1: worker process 21 exited with code 0
2024/05/15 18:31:03 [notice] 1#1: signal 29 (SIGIO) received
2024/05/15 18:31:03 [notice] 1#1: signal 17 (SIGCHLD) received from 31
2024/05/15 18:31:03 [notice] 1#1: worker process 31 exited with code 0
2024/05/15 18:31:03 [notice] 1#1: signal 29 (SIGIO) received
2024/05/16 08:09:14 [notice] 1#1: using the "epoll" event method
2024/05/16 08:09:14 [notice] 1#1: nginx/1.25.5
2024/05/16 08:09:14 [notice] 1#1: built by gcc 13.2.1 20231014 (Alpine 13.2.1_git20231014) 
2024/05/16 08:09:14 [notice] 1#1: OS: Linux 5.15.146.1-microsoft-standard-WSL2
2024/05/16 08:09:14 [notice] 1#1: getrlimit(RLIMIT_NOFILE): 1048576:1048576
2024/05/16 08:09:14 [notice] 1#1: start worker processes
2024/05/16 08:09:14 [notice] 1#1: start worker process 20
2024/05/16 08:09:14 [notice] 1#1: start worker process 21
2024/05/16 08:09:14 [notice] 1#1: start worker process 22
2024/05/16 08:09:14 [notice] 1#1: start worker process 23
2024/05/16 08:09:14 [notice] 1#1: start worker process 24
2024/05/16 08:09:14 [notice] 1#1: start worker process 25
2024/05/16 08:09:14 [notice] 1#1: start worker process 26
2024/05/16 08:09:14 [notice] 1#1: start worker process 27
2024/05/16 08:09:14 [notice] 1#1: start worker process 28
2024/05/16 08:09:14 [notice] 1#1: start worker process 29
2024/05/16 08:09:14 [notice] 1#1: start worker process 30
2024/05/16 08:09:14 [notice] 1#1: start worker process 31
2024/05/16 08:09:14 [notice] 1#1: start worker process 32
2024/05/16 08:09:14 [notice] 1#1: start worker process 33
2024/05/16 08:09:14 [notice] 1#1: start worker process 34
2024/05/16 08:09:14 [notice] 1#1: start worker process 35
2024/05/16 08:25:01 [notice] 1#1: signal 3 (SIGQUIT) received, shutting down
2024/05/16 08:25:01 [notice] 20#20: gracefully shutting down
2024/05/16 08:25:01 [notice] 20#20: exiting
2024/05/16 08:25:01 [notice] 21#21: gracefully shutting down
2024/05/16 08:25:01 [notice] 24#24: gracefully shutting down
2024/05/16 08:25:01 [notice] 23#23: gracefully shutting down
2024/05/16 08:25:01 [notice] 22#22: gracefully shutting down
2024/05/16 08:25:01 [notice] 25#25: gracefully shutting down
2024/05/16 08:25:01 [notice] 26#26: gracefully shutting down
2024/05/16 08:25:01 [notice] 27#27: gracefully shutting down
2024/05/16 08:25:01 [notice] 21#21: exiting
2024/05/16 08:25:01 [notice] 24#24: exiting
2024/05/16 08:25:01 [notice] 23#23: exiting
2024/05/16 08:25:01 [notice] 27#27: exiting
2024/05/16 08:25:01 [notice] 28#28: gracefully shutting down
2024/05/16 08:25:01 [notice] 22#22: exiting
2024/05/16 08:25:01 [notice] 25#25: exiting
2024/05/16 08:25:01 [notice] 29#29: gracefully shutting down
2024/05/16 08:25:01 [notice] 32#32: gracefully shutting down
2024/05/16 08:25:01 [notice] 30#30: gracefully shutting down
2024/05/16 08:25:01 [notice] 31#31: gracefully shutting down
2024/05/16 08:25:01 [notice] 20#20: exit
2024/05/16 08:25:01 [notice] 28#28: exiting
2024/05/16 08:25:01 [notice] 29#29: exiting
2024/05/16 08:25:01 [notice] 31#31: exiting
2024/05/16 08:25:01 [notice] 33#33: gracefully shutting down
2024/05/16 08:25:01 [notice] 33#33: exiting
2024/05/16 08:25:01 [notice] 30#30: exiting
2024/05/16 08:25:01 [notice] 24#24: exit
2024/05/16 08:25:01 [notice] 21#21: exit
2024/05/16 08:25:01 [notice] 23#23: exit
2024/05/16 08:25:01 [notice] 27#27: exit
2024/05/16 08:25:01 [notice] 22#22: exit
2024/05/16 08:25:01 [notice] 25#25: exit
2024/05/16 08:25:01 [notice] 31#31: exit
2024/05/16 08:25:01 [notice] 28#28: exit
2024/05/16 08:25:01 [notice] 29#29: exit
2024/05/16 08:25:01 [notice] 30#30: exit
2024/05/16 08:25:01 [notice] 33#33: exit
2024/05/16 08:25:01 [notice] 34#34: gracefully shutting down
2024/05/16 08:25:01 [notice] 34#34: exiting
2024/05/16 08:25:01 [notice] 34#34: exit
2024/05/16 08:25:01 [notice] 35#35: gracefully shutting down
2024/05/16 08:25:01 [notice] 35#35: exiting
2024/05/16 08:25:01 [notice] 26#26: exiting
2024/05/16 08:25:01 [notice] 26#26: exit
2024/05/16 08:25:01 [notice] 35#35: exit
2024/05/16 08:25:01 [notice] 1#1: signal 17 (SIGCHLD) received from 21
2024/05/16 08:25:01 [notice] 1#1: worker process 21 exited with code 0
2024/05/16 08:25:01 [notice] 1#1: signal 29 (SIGIO) received
2024/05/16 08:25:01 [notice] 1#1: signal 17 (SIGCHLD) received from 31
2024/05/16 08:25:01 [notice] 1#1: worker process 31 exited with code 0
2024/05/16 08:25:01 [notice] 1#1: signal 29 (SIGIO) received
2024/05/16 08:25:01 [notice] 1#1: signal 17 (SIGCHLD) received from 29
2024/05/16 08:25:01 [notice] 1#1: worker process 23 exited with code 0
2024/05/16 08:25:01 [notice] 1#1: worker process 24 exited with code 0
2024/05/16 08:25:01 [notice] 1#1: worker process 25 exited with code 0
2024/05/16 08:25:01 [notice] 1#1: worker process 28 exited with code 0
2024/05/16 08:25:01 [notice] 1#1: worker process 29 exited with code 0
2024/05/16 08:25:01 [notice] 1#1: worker process 30 exited with code 0
2024/05/16 08:25:01 [notice] 1#1: worker process 34 exited with code 0
2024/05/16 08:25:01 [notice] 1#1: signal 29 (SIGIO) received
2024/05/16 08:25:01 [notice] 1#1: signal 17 (SIGCHLD) received from 26
2024/05/16 08:25:01 [notice] 1#1: worker process 22 exited with code 0
2024/05/16 08:25:01 [notice] 1#1: worker process 26 exited with code 0
2024/05/16 08:25:01 [notice] 1#1: signal 29 (SIGIO) received
2024/05/16 08:25:01 [notice] 1#1: signal 17 (SIGCHLD) received from 20
2024/05/16 08:25:01 [notice] 1#1: worker process 20 exited with code 0
2024/05/16 08:25:01 [notice] 1#1: signal 29 (SIGIO) received
2024/05/16 08:25:01 [notice] 1#1: signal 17 (SIGCHLD) received from 33
2024/05/16 08:25:01 [notice] 1#1: worker process 33 exited with code 0
2024/05/16 08:25:01 [notice] 1#1: worker process 35 exited with code 0
2024/05/16 08:25:01 [notice] 1#1: signal 29 (SIGIO) received
2024/05/16 08:25:01 [notice] 1#1: signal 17 (SIGCHLD) received from 27
2024/05/16 08:25:01 [notice] 1#1: worker process 27 exited with code 0
2024/05/16 08:25:01 [notice] 1#1: signal 29 (SIGIO) received
2024/05/16 08:25:08 [notice] 32#32: exiting
2024/05/16 08:25:08 [notice] 32#32: exit
2024/05/16 08:25:08 [notice] 1#1: signal 17 (SIGCHLD) received from 32
2024/05/16 08:25:08 [notice] 1#1: worker process 32 exited with code 0
2024/05/16 08:25:08 [notice] 1#1: exit
2024/05/16 08:32:57 [notice] 1#1: using the "epoll" event method
2024/05/16 08:32:57 [notice] 1#1: nginx/1.25.5
2024/05/16 08:32:57 [notice] 1#1: built by gcc 13.2.1 20231014 (Alpine 13.2.1_git20231014) 
2024/05/16 08:32:57 [notice] 1#1: OS: Linux 5.15.146.1-microsoft-standard-WSL2
2024/05/16 08:32:57 [notice] 1#1: getrlimit(RLIMIT_NOFILE): 1048576:1048576
2024/05/16 08:32:57 [notice] 1#1: start worker processes
2024/05/16 08:32:57 [notice] 1#1: start worker process 20
2024/05/16 08:32:57 [notice] 1#1: start worker process 21
2024/05/16 08:32:57 [notice] 1#1: start worker process 22
2024/05/16 08:32:57 [notice] 1#1: start worker process 23
2024/05/16 08:32:57 [notice] 1#1: start worker process 24
2024/05/16 08:32:57 [notice] 1#1: start worker process 25
2024/05/16 08:32:57 [notice] 1#1: start worker process 26
2024/05/16 08:32:57 [notice] 1#1: start worker process 27
2024/05/16 08:32:57 [notice] 1#1: start worker process 28
2024/05/16 08:32:57 [notice] 1#1: start worker process 29
2024/05/16 08:32:57 [notice] 1#1: start worker process 30
2024/05/16 08:32:57 [notice] 1#1: start worker process 31
2024/05/16 08:32:57 [notice] 1#1: start worker process 32
2024/05/16 08:32:57 [notice] 1#1: start worker process 33
2024/05/16 08:32:57 [notice] 1#1: start worker process 34
2024/05/16 08:32:57 [notice] 1#1: start worker process 35
